C:\Program Files\Microsoft Visual Studio\2022\Community\MSBuild\Microsoft\VC\v170\Microsoft.CppBuild.targets(534,5): warning MSB8028: The intermediate directory (C:\Users\cheon\Downloads\SIT\Y1TRI1\SOFTWARE ENGINEERING PROJECT 1\GROUP PROJ GITHUB\WXYZ\Marked\.tmp\Debug-x64\) contains files shared from another project (cars.vcxproj).  This can lead to incorrect clean and rebuild behavior.
  level.c
C:\Users\cheon\Downloads\SIT\Y1TRI1\SOFTWARE ENGINEERING PROJECT 1\GROUP PROJ GITHUB\WXYZ\Marked\Src\level.c(113,2): warning C4033: 'GetGameObject' must return a value
C:\Users\cheon\Downloads\SIT\Y1TRI1\SOFTWARE ENGINEERING PROJECT 1\GROUP PROJ GITHUB\WXYZ\Marked\Src\level.c(420,35): warning C4244: 'function': conversion from 'double' to 'float', possible loss of data
C:\Users\cheon\Downloads\SIT\Y1TRI1\SOFTWARE ENGINEERING PROJECT 1\GROUP PROJ GITHUB\WXYZ\Marked\Src\level.c(422,37): warning C4244: 'function': conversion from 'double' to 'float', possible loss of data
C:\Users\cheon\Downloads\SIT\Y1TRI1\SOFTWARE ENGINEERING PROJECT 1\GROUP PROJ GITHUB\WXYZ\Marked\Src\level.c(423,38): warning C4244: 'function': conversion from 'double' to 'float', possible loss of data
C:\Users\cheon\Downloads\SIT\Y1TRI1\SOFTWARE ENGINEERING PROJECT 1\GROUP PROJ GITHUB\WXYZ\Marked\Src\level.c(424,37): warning C4244: 'function': conversion from 'double' to 'float', possible loss of data
C:\Users\cheon\Downloads\SIT\Y1TRI1\SOFTWARE ENGINEERING PROJECT 1\GROUP PROJ GITHUB\WXYZ\Marked\Src\level.c(464,23): warning C4244: 'function': conversion from 'float' to 'int', possible loss of data
C:\Users\cheon\Downloads\SIT\Y1TRI1\SOFTWARE ENGINEERING PROJECT 1\GROUP PROJ GITHUB\WXYZ\Marked\Src\level.c(587,35): warning C4244: 'function': conversion from 'double' to 'float', possible loss of data
C:\Users\cheon\Downloads\SIT\Y1TRI1\SOFTWARE ENGINEERING PROJECT 1\GROUP PROJ GITHUB\WXYZ\Marked\Src\level.c(588,37): warning C4244: 'function': conversion from 'double' to 'float', possible loss of data
C:\Users\cheon\Downloads\SIT\Y1TRI1\SOFTWARE ENGINEERING PROJECT 1\GROUP PROJ GITHUB\WXYZ\Marked\Src\level.c(589,37): warning C4244: 'function': conversion from 'double' to 'float', possible loss of data
C:\Users\cheon\Downloads\SIT\Y1TRI1\SOFTWARE ENGINEERING PROJECT 1\GROUP PROJ GITHUB\WXYZ\Marked\Src\level.c(590,37): warning C4244: 'function': conversion from 'double' to 'float', possible loss of data
C:\Users\cheon\Downloads\SIT\Y1TRI1\SOFTWARE ENGINEERING PROJECT 1\GROUP PROJ GITHUB\WXYZ\Marked\Src\level.c(591,37): warning C4244: 'function': conversion from 'double' to 'float', possible loss of data
C:\Users\cheon\Downloads\SIT\Y1TRI1\SOFTWARE ENGINEERING PROJECT 1\GROUP PROJ GITHUB\WXYZ\Marked\Src\level.c(593,38): warning C4244: 'function': conversion from 'double' to 'float', possible loss of data
C:\Users\cheon\Downloads\SIT\Y1TRI1\SOFTWARE ENGINEERING PROJECT 1\GROUP PROJ GITHUB\WXYZ\Marked\Src\level.c(594,38): warning C4244: 'function': conversion from 'double' to 'float', possible loss of data
C:\Users\cheon\Downloads\SIT\Y1TRI1\SOFTWARE ENGINEERING PROJECT 1\GROUP PROJ GITHUB\WXYZ\Marked\Src\level.c(595,38): warning C4244: 'function': conversion from 'double' to 'float', possible loss of data
C:\Users\cheon\Downloads\SIT\Y1TRI1\SOFTWARE ENGINEERING PROJECT 1\GROUP PROJ GITHUB\WXYZ\Marked\Src\level.c(597,38): warning C4244: 'function': conversion from 'double' to 'float', possible loss of data
C:\Users\cheon\Downloads\SIT\Y1TRI1\SOFTWARE ENGINEERING PROJECT 1\GROUP PROJ GITHUB\WXYZ\Marked\Src\level.c(598,38): warning C4244: 'function': conversion from 'double' to 'float', possible loss of data
C:\Users\cheon\Downloads\SIT\Y1TRI1\SOFTWARE ENGINEERING PROJECT 1\GROUP PROJ GITHUB\WXYZ\Marked\Src\level.c(638,23): warning C4244: 'function': conversion from 'float' to 'int', possible loss of data
C:\Users\cheon\Downloads\SIT\Y1TRI1\SOFTWARE ENGINEERING PROJECT 1\GROUP PROJ GITHUB\WXYZ\Marked\Src\level.c(114): warning C4715: 'GetGameObject': not all control paths return a value
  CProject.vcxproj -> C:\Users\cheon\Downloads\SIT\Y1TRI1\SOFTWARE ENGINEERING PROJECT 1\GROUP PROJ GITHUB\WXYZ\Marked\bin\Debug-x64\Marked.exe
  1 File(s) copied
  1 File(s) copied
  1 File(s) copied
